<?xml version="1.0" encoding="UTF-8"?>
<!-- Generated by org.testng.reporters.JUnitReportReporter -->
<testsuite skipped="0" hostname="DESKTOP-UKODEMR" name="exercises.Registrat_Test" tests="1" failures="0" timestamp="29 Dec 2018 04:58:18 GMT" time="16.366" errors="0">
  <testcase name="testTitle" time="16.366" classname="exercises.Registrat_Test"/>
</testsuite> <!-- exercises.Registrat_Test -->
